2026-05-17 19:40:50 | INFO     | ml.kpi17_reappro_alert         | [KPI-17] Stock snapshot : 1739 articles actifs
2026-05-17 19:40:51 | INFO     | ml.kpi17_reappro_alert         | [KPI-17] Ventes mensuelles : 4729 lignes article×mois
2026-05-17 19:40:51 | INFO     | ml.kpi18_rupture_forecast      | [KPI-18] Stock snapshot: 1739 articles
2026-05-17 19:40:52 | INFO     | ml.kpi18_rupture_forecast      | [KPI-18] Sales history: 8739 article-month rows
2026-05-17 22:01:20 | INFO     | ml.kpi05_ca_forecast           | [KPI-05] Loaded 69 monthly observations (2020-07-01 → 2026-03-01)
2026-05-17 22:01:20 | WARNING  | ml.kpi05_ca_forecast           | [KPI-05] Prophet not installed. Using pure mathematical fallback.
2026-05-17 22:01:20 | INFO     | ml.kpi05_ca_forecast           | [KPI-05] Running Academic Multiplicative Seasonal Decomposition Fallback...
2026-05-17 22:01:20 | INFO     | ml.kpi17_reappro_alert         | [KPI-17] Stock snapshot : 1739 articles actifs
2026-05-17 22:01:22 | INFO     | ml.kpi17_reappro_alert         | [KPI-17] Ventes mensuelles : 4729 lignes article×mois
2026-05-17 22:01:22 | INFO     | ml.kpi18_rupture_forecast      | [KPI-18] Stock snapshot: 1739 articles
2026-05-17 22:01:24 | INFO     | ml.kpi18_rupture_forecast      | [KPI-18] Sales history: 8739 article-month rows
2026-05-17 22:01:26 | INFO     | ml.kpi22_rfm_kmeans            | [KPI-22] Loaded 1103 clients with RFM data
2026-05-17 22:02:38 | INFO     | ml.kpi05_ca_forecast           | [KPI-05] Loaded 69 monthly observations (2020-07-01 → 2026-03-01)
2026-05-17 22:02:38 | WARNING  | ml.kpi05_ca_forecast           | [KPI-05] Prophet not installed. Using pure mathematical fallback.
2026-05-17 22:02:38 | INFO     | ml.kpi05_ca_forecast           | [KPI-05] Running Academic Multiplicative Seasonal Decomposition Fallback...
2026-05-17 22:02:38 | INFO     | ml.kpi05_ca_forecast           | [KPI-05] Back-test (last 3 months) — MAE: 2,660,955 | MAPE: 260.3%
2026-05-17 22:02:38 | INFO     | ml.kpi05_ca_forecast           | [KPI-05] 81 rows saved to ML_KPI05_CA_FORECAST
2026-05-17 22:02:38 | INFO     | ml.kpi17_reappro_alert         | [KPI-17] Stock snapshot : 1739 articles actifs
2026-05-17 22:02:39 | INFO     | ml.kpi17_reappro_alert         | [KPI-17] Ventes mensuelles : 4729 lignes article×mois
2026-05-17 22:02:40 | INFO     | ml.kpi18_rupture_forecast      | [KPI-18] Stock snapshot: 1739 articles
2026-05-17 22:02:41 | INFO     | ml.kpi18_rupture_forecast      | [KPI-18] Sales history: 8739 article-month rows
2026-05-17 22:02:44 | INFO     | ml.kpi22_rfm_kmeans            | [KPI-22] Loaded 1103 clients with RFM data
2026-05-17 22:03:17 | INFO     | ml.kpi05_ca_forecast           | [KPI-05] Loaded 69 monthly observations (2020-07-01 → 2026-03-01)
2026-05-17 22:03:17 | WARNING  | ml.kpi05_ca_forecast           | [KPI-05] Prophet not installed. Using pure mathematical fallback.
2026-05-17 22:03:17 | INFO     | ml.kpi05_ca_forecast           | [KPI-05] Running Academic Multiplicative Seasonal Decomposition Fallback...
2026-05-17 22:03:17 | INFO     | ml.kpi05_ca_forecast           | [KPI-05] Back-test (last 3 months) — MAE: 2,660,955 | MAPE: 260.3%
2026-05-17 22:03:17 | INFO     | ml.kpi05_ca_forecast           | [KPI-05] 81 rows saved to ML_KPI05_CA_FORECAST
2026-05-17 22:03:17 | INFO     | ml.kpi11_tresorerie_forecast   | [KPI-11] Open reglements: 1299 rows | total: 6,925,383
2026-05-17 22:03:17 | INFO     | ml.kpi11_tresorerie_forecast   | [KPI-11] Historical paid: 10671 rows
2026-05-17 22:03:17 | INFO     | ml.kpi11_tresorerie_forecast   | [KPI-11] Layer 1: 1 days | 9,468
2026-05-17 22:03:17 | WARNING  | ml.kpi11_tresorerie_forecast   | [KPI-11] xgboost not installed — skipping Layer 3. Run: pip install xgboost --break-system-packages
2026-05-17 22:03:17 | INFO     | ml.kpi11_tresorerie_forecast   | [KPI-11] Saved 1 rows to ML_KPI11_TRESORERIE_FORECAST
2026-05-17 22:03:17 | INFO     | ml.kpi11_tresorerie_forecast   | [KPI-11] Forecast summary:
horizon_bucket  layer        
30j             deterministic    9467.827
2026-05-17 22:03:18 | INFO     | ml.kpi17_reappro_alert         | [KPI-17] Stock snapshot : 1739 articles actifs
2026-05-17 22:03:19 | INFO     | ml.kpi17_reappro_alert         | [KPI-17] Ventes mensuelles : 4729 lignes article×mois
2026-05-17 22:03:19 | INFO     | ml.kpi17_reappro_alert         | [KPI-17] 1739 articles sauvegardés — CRITIQUE: 1443 | URGENT: 1 | ATTENTION: 0
2026-05-17 22:03:20 | INFO     | ml.kpi18_rupture_forecast      | [KPI-18] Stock snapshot: 1739 articles
2026-05-17 22:03:21 | INFO     | ml.kpi18_rupture_forecast      | [KPI-18] Sales history: 8739 article-month rows
2026-05-17 22:03:23 | INFO     | ml.kpi22_rfm_kmeans            | [KPI-22] Loaded 1103 clients with RFM data
2026-05-17 22:04:34 | INFO     | ml.kpi05_ca_forecast           | [KPI-05] Loaded 69 monthly observations (2020-07-01 → 2026-03-01)
2026-05-17 22:04:34 | WARNING  | ml.kpi05_ca_forecast           | [KPI-05] Prophet not installed. Using pure mathematical fallback.
2026-05-17 22:04:34 | INFO     | ml.kpi05_ca_forecast           | [KPI-05] Running Academic Multiplicative Seasonal Decomposition Fallback...
2026-05-17 22:04:34 | INFO     | ml.kpi05_ca_forecast           | [KPI-05] Back-test (last 3 months) — MAE: 2,660,955 | MAPE: 260.3%
2026-05-17 22:04:34 | INFO     | ml.kpi05_ca_forecast           | [KPI-05] 81 rows saved to ML_KPI05_CA_FORECAST
2026-05-17 22:04:34 | INFO     | ml.kpi11_tresorerie_forecast   | [KPI-11] Open reglements: 1299 rows | total: 6,925,383
2026-05-17 22:04:35 | INFO     | ml.kpi11_tresorerie_forecast   | [KPI-11] Historical paid: 10671 rows
2026-05-17 22:04:35 | INFO     | ml.kpi11_tresorerie_forecast   | [KPI-11] Layer 1: 1 days | 9,468
2026-05-17 22:04:48 | INFO     | ml.kpi11_tresorerie_forecast   | [KPI-11] Model saved to C:\Users\marie\Desktop\myProject\FINMAG\dashboard\backend\ml\models\kpi11_xgb.joblib
2026-05-17 22:04:48 | INFO     | ml.kpi11_tresorerie_forecast   | [KPI-11] XGBoost accuracy: 0.997
2026-05-17 22:04:48 | INFO     | ml.kpi11_tresorerie_forecast   | [KPI-11] Layer 3: 1,418,825 expected
2026-05-17 22:04:48 | INFO     | ml.kpi11_tresorerie_forecast   | [KPI-11] Saved 2 rows to ML_KPI11_TRESORERIE_FORECAST
2026-05-17 22:04:48 | INFO     | ml.kpi11_tresorerie_forecast   | [KPI-11] Forecast summary:
horizon_bucket  layer        
30j             deterministic    9.467827e+03
60j             ml               1.418825e+06
2026-05-17 22:04:48 | INFO     | ml.kpi17_reappro_alert         | [KPI-17] Stock snapshot : 1739 articles actifs
2026-05-17 22:04:50 | INFO     | ml.kpi17_reappro_alert         | [KPI-17] Ventes mensuelles : 4729 lignes article×mois
2026-05-17 22:04:50 | INFO     | ml.kpi17_reappro_alert         | [KPI-17] 1739 articles sauvegardés — CRITIQUE: 1443 | URGENT: 1 | ATTENTION: 0
2026-05-17 22:04:50 | INFO     | ml.kpi18_rupture_forecast      | [KPI-18] Stock snapshot: 1739 articles
2026-05-17 22:04:52 | INFO     | ml.kpi18_rupture_forecast      | [KPI-18] Sales history: 8739 article-month rows
2026-05-17 22:04:53 | INFO     | ml.kpi18_rupture_forecast      | [KPI-18] Entraînement terminé — R² moyen=0.189 ± 0.258 (868 articles)
2026-05-17 22:04:54 | INFO     | ml.kpi18_rupture_forecast      | [KPI-18] Modèles sauvegardés dans C:\Users\marie\Desktop\myProject\FINMAG\dashboard\backend\ml\models\kpi18_consumption.joblib
2026-05-17 22:04:56 | INFO     | ml.kpi22_rfm_kmeans            | [KPI-22] Loaded 1103 clients with RFM data
2026-05-17 22:05:02 | INFO     | ml.kpi22_rfm_kmeans            | [KPI-22] Optimal k=4 (silhouette=0.423)
2026-05-17 22:05:02 | INFO     | ml.kpi22_rfm_kmeans            | [KPI-22] Model saved to C:\Users\marie\Desktop\myProject\FINMAG\dashboard\backend\ml\models\kpi22_kmeans.joblib
2026-05-17 22:05:02 | INFO     | ml.kpi22_rfm_kmeans            | [KPI-22] K-Means: k=4 | silhouette=0.423 | inertia=703
2026-05-17 22:05:02 | INFO     | ml.kpi22_rfm_kmeans            | [KPI-22] Répartition par segment :
rfm_segment
Champion     367
À risque     296
Fidèle       224
Potentiel    216
2026-05-17 22:05:22 | INFO     | ml.kpi05_ca_forecast           | [KPI-05] Loaded 69 monthly observations (2020-07-01 → 2026-03-01)
2026-05-17 22:05:22 | WARNING  | ml.kpi05_ca_forecast           | [KPI-05] Prophet not installed. Using pure mathematical fallback.
2026-05-17 22:05:22 | INFO     | ml.kpi05_ca_forecast           | [KPI-05] Running Academic Multiplicative Seasonal Decomposition Fallback...
2026-05-17 22:05:22 | INFO     | ml.kpi05_ca_forecast           | [KPI-05] Back-test (last 3 months) — MAE: 2,660,955 | MAPE: 260.3%
2026-05-17 22:05:22 | INFO     | ml.kpi05_ca_forecast           | [KPI-05] 81 rows saved to ML_KPI05_CA_FORECAST
2026-05-17 22:05:23 | INFO     | ml.kpi11_tresorerie_forecast   | [KPI-11] Open reglements: 1299 rows | total: 6,925,383
2026-05-17 22:05:23 | INFO     | ml.kpi11_tresorerie_forecast   | [KPI-11] Historical paid: 10671 rows
2026-05-17 22:05:23 | INFO     | ml.kpi11_tresorerie_forecast   | [KPI-11] Layer 1: 1 days | 9,468
2026-05-17 22:05:24 | INFO     | ml.kpi11_tresorerie_forecast   | [KPI-11] Loaded XGBoost model from cache (age=0.0d)
2026-05-17 22:05:24 | INFO     | ml.kpi11_tresorerie_forecast   | [KPI-11] XGBoost accuracy: 0.997
2026-05-17 22:05:24 | INFO     | ml.kpi11_tresorerie_forecast   | [KPI-11] Layer 3: 1,418,825 expected
2026-05-17 22:05:24 | INFO     | ml.kpi11_tresorerie_forecast   | [KPI-11] Saved 2 rows to ML_KPI11_TRESORERIE_FORECAST
2026-05-17 22:05:24 | INFO     | ml.kpi11_tresorerie_forecast   | [KPI-11] Forecast summary:
horizon_bucket  layer        
30j             deterministic    9.467827e+03
60j             ml               1.418825e+06
2026-05-17 22:05:24 | INFO     | ml.kpi17_reappro_alert         | [KPI-17] Stock snapshot : 1739 articles actifs
2026-05-17 22:05:26 | INFO     | ml.kpi17_reappro_alert         | [KPI-17] Ventes mensuelles : 4729 lignes article×mois
2026-05-17 22:05:26 | INFO     | ml.kpi17_reappro_alert         | [KPI-17] 1739 articles sauvegardés — CRITIQUE: 1443 | URGENT: 1 | ATTENTION: 0
2026-05-17 22:05:26 | INFO     | ml.kpi18_rupture_forecast      | [KPI-18] Stock snapshot: 1739 articles
2026-05-17 22:05:28 | INFO     | ml.kpi18_rupture_forecast      | [KPI-18] Sales history: 8739 article-month rows
2026-05-17 22:05:29 | INFO     | ml.kpi18_rupture_forecast      | [KPI-18] Entraînement terminé — R² moyen=0.189 ± 0.258 (868 articles)
2026-05-17 22:05:29 | INFO     | ml.kpi18_rupture_forecast      | [KPI-18] Modèles sauvegardés dans C:\Users\marie\Desktop\myProject\FINMAG\dashboard\backend\ml\models\kpi18_consumption.joblib
2026-05-17 22:05:31 | INFO     | ml.kpi22_rfm_kmeans            | [KPI-22] Loaded 1103 clients with RFM data
2026-05-17 22:05:34 | INFO     | ml.kpi22_rfm_kmeans            | [KPI-22] Optimal k=4 (silhouette=0.423)
2026-05-17 22:05:34 | INFO     | ml.kpi22_rfm_kmeans            | [KPI-22] Loaded model from cache (age=0.0d, k=4)
2026-05-17 22:05:34 | INFO     | ml.kpi22_rfm_kmeans            | [KPI-22] K-Means: k=4 | silhouette=0.423 | inertia=703
2026-05-17 22:05:34 | INFO     | ml.kpi22_rfm_kmeans            | [KPI-22] Répartition par segment :
rfm_segment
Champion     367
À risque     296
Fidèle       224
Potentiel    216
2026-05-17 22:06:15 | INFO     | ml.kpi05_ca_forecast           | [KPI-05] Loaded 69 monthly observations (2020-07-01 → 2026-03-01)
2026-05-17 22:06:15 | WARNING  | ml.kpi05_ca_forecast           | [KPI-05] Prophet not installed. Using pure mathematical fallback.
2026-05-17 22:06:15 | INFO     | ml.kpi05_ca_forecast           | [KPI-05] Running Academic Multiplicative Seasonal Decomposition Fallback...
2026-05-17 22:06:15 | INFO     | ml.kpi05_ca_forecast           | [KPI-05] Back-test (last 3 months) — MAE: 2,660,955 | MAPE: 260.3%
2026-05-17 22:06:15 | INFO     | ml.kpi05_ca_forecast           | [KPI-05] 81 rows saved to ML_KPI05_CA_FORECAST
2026-05-17 22:06:16 | INFO     | ml.kpi11_tresorerie_forecast   | [KPI-11] Open reglements: 1299 rows | total: 6,925,383
2026-05-17 22:06:16 | INFO     | ml.kpi11_tresorerie_forecast   | [KPI-11] Historical paid: 10671 rows
2026-05-17 22:06:16 | INFO     | ml.kpi11_tresorerie_forecast   | [KPI-11] Layer 1: 1 days | 9,468
2026-05-17 22:06:17 | INFO     | ml.kpi11_tresorerie_forecast   | [KPI-11] Loaded XGBoost model from cache (age=0.0d)
2026-05-17 22:06:17 | INFO     | ml.kpi11_tresorerie_forecast   | [KPI-11] XGBoost accuracy: 0.997
2026-05-17 22:06:17 | INFO     | ml.kpi11_tresorerie_forecast   | [KPI-11] Layer 3: 1,418,825 expected
2026-05-17 22:06:17 | INFO     | ml.kpi11_tresorerie_forecast   | [KPI-11] Saved 2 rows to ML_KPI11_TRESORERIE_FORECAST
2026-05-17 22:06:17 | INFO     | ml.kpi11_tresorerie_forecast   | [KPI-11] Forecast summary:
horizon_bucket  layer        
30j             deterministic    9.467827e+03
60j             ml               1.418825e+06
2026-05-17 22:06:18 | INFO     | ml.kpi17_reappro_alert         | [KPI-17] Stock snapshot : 1739 articles actifs
2026-05-17 22:06:19 | INFO     | ml.kpi17_reappro_alert         | [KPI-17] Ventes mensuelles : 4729 lignes article×mois
2026-05-17 22:06:19 | INFO     | ml.kpi17_reappro_alert         | [KPI-17] 1739 articles sauvegardés — CRITIQUE: 1443 | URGENT: 1 | ATTENTION: 0
2026-05-17 22:06:20 | INFO     | ml.kpi18_rupture_forecast      | [KPI-18] Stock snapshot: 1739 articles
2026-05-17 22:06:21 | INFO     | ml.kpi18_rupture_forecast      | [KPI-18] Sales history: 8739 article-month rows
2026-05-17 22:06:22 | INFO     | ml.kpi18_rupture_forecast      | [KPI-18] Entraînement terminé — R² moyen=0.189 ± 0.258 (868 articles)
2026-05-17 22:06:22 | INFO     | ml.kpi18_rupture_forecast      | [KPI-18] Modèles sauvegardés dans C:\Users\marie\Desktop\myProject\FINMAG\dashboard\backend\ml\models\kpi18_consumption.joblib
2026-05-17 22:06:23 | INFO     | ml.kpi18_rupture_forecast      | [KPI-18] Saved 1739 articles — CRITIQUE: 1399 | URGENT: 28
2026-05-17 22:06:25 | INFO     | ml.kpi22_rfm_kmeans            | [KPI-22] Loaded 1103 clients with RFM data
2026-05-17 22:06:28 | INFO     | ml.kpi22_rfm_kmeans            | [KPI-22] Optimal k=4 (silhouette=0.423)
2026-05-17 22:06:28 | INFO     | ml.kpi22_rfm_kmeans            | [KPI-22] Loaded model from cache (age=0.0d, k=4)
2026-05-17 22:06:28 | INFO     | ml.kpi22_rfm_kmeans            | [KPI-22] K-Means: k=4 | silhouette=0.423 | inertia=703
2026-05-17 22:06:28 | INFO     | ml.kpi22_rfm_kmeans            | [KPI-22] Répartition par segment :
rfm_segment
Champion     367
À risque     296
Fidèle       224
Potentiel    216
2026-05-17 22:06:28 | INFO     | ml.kpi22_rfm_kmeans            | [KPI-22] Saved 1103 rows to ML_KPI22_RFM_SEGMENTS
2026-05-17 22:06:28 | INFO     | ml.kpi22_rfm_kmeans            | [KPI-22] DIM_CLIENT.rfm_score updated for 1103 clients
2026-05-17 22:45:16 | INFO     | ml.kpi05_ca_forecast           | [KPI-05] Loaded 69 monthly observations (2020-07-01 → 2026-03-01)
2026-05-17 22:45:16 | WARNING  | ml.kpi05_ca_forecast           | [KPI-05] Prophet not installed. Using pure mathematical fallback.
2026-05-17 22:45:16 | INFO     | ml.kpi05_ca_forecast           | [KPI-05] Running Academic Multiplicative Seasonal Decomposition Fallback...
2026-05-17 22:45:16 | INFO     | ml.kpi05_ca_forecast           | [KPI-05] Back-test (last 3 months) — MAE: 2,660,955 | MAPE: 260.3%
2026-05-17 22:45:17 | INFO     | ml.kpi05_ca_forecast           | [KPI-05] 81 rows saved to ML_KPI05_CA_FORECAST
2026-05-17 22:45:17 | INFO     | ml.kpi11_tresorerie_forecast   | [KPI-11] Open reglements: 1299 rows | total: 6,925,383
2026-05-17 22:47:35 | INFO     | ml.kpi11_tresorerie_forecast   | [KPI-11] Historical paid: 10671 rows
2026-05-17 22:47:35 | INFO     | ml.kpi11_tresorerie_forecast   | [KPI-11] Layer 1: 1 days | 9,468
2026-05-17 22:47:55 | INFO     | ml.kpi11_tresorerie_forecast   | [KPI-11] Loaded XGBoost model from cache (age=0.0d)
2026-05-17 22:47:55 | INFO     | ml.kpi11_tresorerie_forecast   | [KPI-11] XGBoost accuracy: 0.997
2026-05-17 22:47:55 | INFO     | ml.kpi11_tresorerie_forecast   | [KPI-11] Layer 3: 1,418,825 expected
2026-05-17 22:47:57 | INFO     | ml.kpi11_tresorerie_forecast   | [KPI-11] Saved 2 rows to ML_KPI11_TRESORERIE_FORECAST
2026-05-17 22:47:57 | INFO     | ml.kpi11_tresorerie_forecast   | [KPI-11] Forecast summary:
horizon_bucket  layer        
30j             deterministic    9.467827e+03
60j             ml               1.418825e+06
2026-05-17 22:48:17 | INFO     | ml.kpi17_reappro_alert         | [KPI-17] Stock snapshot : 1739 articles actifs
2026-05-17 22:48:19 | INFO     | ml.kpi17_reappro_alert         | [KPI-17] Ventes mensuelles : 4729 lignes article×mois
2026-05-17 22:48:19 | INFO     | ml.kpi17_reappro_alert         | [KPI-17] 1739 articles sauvegardés — CRITIQUE: 1443 | URGENT: 1 | ATTENTION: 0
2026-05-17 22:48:20 | INFO     | ml.kpi18_rupture_forecast      | [KPI-18] Stock snapshot: 1739 articles
2026-05-17 22:48:21 | INFO     | ml.kpi18_rupture_forecast      | [KPI-18] Sales history: 8739 article-month rows
2026-05-17 22:48:24 | INFO     | ml.kpi18_rupture_forecast      | [KPI-18] Entraînement terminé — R² moyen=0.189 ± 0.258 (868 articles)
2026-05-17 22:48:24 | INFO     | ml.kpi18_rupture_forecast      | [KPI-18] Modèles sauvegardés dans C:\Users\marie\Desktop\myProject\FINMAG\dashboard\backend\ml\models\kpi18_consumption.joblib
2026-05-17 22:48:24 | INFO     | ml.kpi18_rupture_forecast      | [KPI-18] Saved 1739 articles — CRITIQUE: 1399 | URGENT: 28
2026-05-17 22:48:27 | INFO     | ml.kpi22_rfm_kmeans            | [KPI-22] Loaded 1103 clients with RFM data
2026-05-17 22:48:35 | INFO     | ml.kpi22_rfm_kmeans            | [KPI-22] Optimal k=4 (silhouette=0.423)
2026-05-17 22:48:35 | INFO     | ml.kpi22_rfm_kmeans            | [KPI-22] Loaded model from cache (age=0.0d, k=4)
2026-05-17 22:48:35 | INFO     | ml.kpi22_rfm_kmeans            | [KPI-22] K-Means: k=4 | silhouette=0.423 | inertia=703
2026-05-17 22:48:35 | INFO     | ml.kpi22_rfm_kmeans            | [KPI-22] Répartition par segment :
rfm_segment
Champion     367
À risque     296
Fidèle       224
Potentiel    216
2026-05-17 22:48:35 | INFO     | ml.kpi22_rfm_kmeans            | [KPI-22] Saved 1103 rows to ML_KPI22_RFM_SEGMENTS
2026-05-17 22:48:35 | INFO     | ml.kpi22_rfm_kmeans            | [KPI-22] DIM_CLIENT.rfm_score updated for 1103 clients
2026-05-17 22:49:37 | INFO     | ml.kpi05_ca_forecast           | [KPI-05] Loaded 69 monthly observations (2020-07-01 -> 2026-03-01)
2026-05-17 22:49:37 | WARNING  | ml.kpi05_ca_forecast           | [KPI-05] Prophet not installed. Using pure mathematical fallback.
2026-05-17 22:49:37 | INFO     | ml.kpi05_ca_forecast           | [KPI-05] Running Academic Multiplicative Seasonal Decomposition Fallback...
2026-05-17 22:49:37 | INFO     | ml.kpi05_ca_forecast           | [KPI-05] Back-test (last 3 months) - MAE: 2,660,955 | MAPE: 260.3%
2026-05-17 22:49:37 | INFO     | ml.kpi05_ca_forecast           | [KPI-05] 81 rows saved to ML_KPI05_CA_FORECAST
2026-05-17 22:49:37 | INFO     | ml.kpi11_tresorerie_forecast   | [KPI-11] Open reglements: 1299 rows | total: 6,925,383
2026-05-17 22:49:51 | INFO     | ml.kpi11_tresorerie_forecast   | [KPI-11] Historical paid: 10671 rows
2026-05-17 22:49:51 | INFO     | ml.kpi11_tresorerie_forecast   | [KPI-11] Layer 1: 1 days | 9,468
2026-05-17 22:49:53 | INFO     | ml.kpi11_tresorerie_forecast   | [KPI-11] Loaded XGBoost model from cache (age=0.0d)
2026-05-17 22:49:53 | INFO     | ml.kpi11_tresorerie_forecast   | [KPI-11] XGBoost accuracy: 0.997
2026-05-17 22:49:53 | INFO     | ml.kpi11_tresorerie_forecast   | [KPI-11] Layer 3: 1,418,825 expected
2026-05-17 22:49:53 | INFO     | ml.kpi11_tresorerie_forecast   | [KPI-11] Saved 2 rows to ML_KPI11_TRESORERIE_FORECAST
2026-05-17 22:49:53 | INFO     | ml.kpi11_tresorerie_forecast   | [KPI-11] Forecast summary:
horizon_bucket  layer        
30j             deterministic    9.467827e+03
60j             ml               1.418825e+06
2026-05-17 22:49:54 | INFO     | ml.kpi17_reappro_alert         | [KPI-17] Stock snapshot : 1739 articles actifs
2026-05-17 22:49:56 | INFO     | ml.kpi17_reappro_alert         | [KPI-17] Ventes mensuelles : 4729 lignes article×mois
2026-05-17 22:49:56 | INFO     | ml.kpi17_reappro_alert         | [KPI-17] 1739 articles sauvegardes - CRITIQUE: 1443 | URGENT: 1 | ATTENTION: 0
2026-05-17 22:49:57 | INFO     | ml.kpi18_rupture_forecast      | [KPI-18] Stock snapshot: 1739 articles
2026-05-17 22:49:58 | INFO     | ml.kpi18_rupture_forecast      | [KPI-18] Sales history: 8739 article-month rows
2026-05-17 22:50:00 | INFO     | ml.kpi18_rupture_forecast      | [KPI-18] Entrainement termine - R2 moyen=0.189 +/- 0.258 (868 articles)
2026-05-17 22:50:00 | INFO     | ml.kpi18_rupture_forecast      | [KPI-18] Modèles sauvegardés dans C:\Users\marie\Desktop\myProject\FINMAG\dashboard\backend\ml\models\kpi18_consumption.joblib
2026-05-17 22:50:00 | INFO     | ml.kpi18_rupture_forecast      | [KPI-18] Saved 1739 articles - CRITIQUE: 1399 | URGENT: 28
2026-05-17 22:50:03 | INFO     | ml.kpi22_rfm_kmeans            | [KPI-22] Loaded 1103 clients with RFM data
2026-05-17 22:50:07 | INFO     | ml.kpi22_rfm_kmeans            | [KPI-22] Optimal k=4 (silhouette=0.423)
2026-05-17 22:50:07 | INFO     | ml.kpi22_rfm_kmeans            | [KPI-22] Loaded model from cache (age=0.0d, k=4)
2026-05-17 22:50:07 | INFO     | ml.kpi22_rfm_kmeans            | [KPI-22] K-Means: k=4 | silhouette=0.423 | inertia=703
2026-05-17 22:50:07 | INFO     | ml.kpi22_rfm_kmeans            | [KPI-22] Répartition par segment :
rfm_segment
Champion     367
À risque     296
Fidèle       224
Potentiel    216
2026-05-17 22:50:07 | INFO     | ml.kpi22_rfm_kmeans            | [KPI-22] Saved 1103 rows to ML_KPI22_RFM_SEGMENTS
2026-05-17 22:50:07 | INFO     | ml.kpi22_rfm_kmeans            | [KPI-22] DIM_CLIENT.rfm_score updated for 1103 clients
2026-05-17 23:06:10 | INFO     | ml.kpi05_ca_forecast           | [KPI-05] Loaded 69 monthly observations (2020-07-01 -> 2026-03-01)
2026-05-17 23:06:11 | WARNING  | ml.kpi05_ca_forecast           | [KPI-05] Prophet not installed. Using pure mathematical fallback.
2026-05-17 23:06:11 | INFO     | ml.kpi05_ca_forecast           | [KPI-05] Running Academic Multiplicative Seasonal Decomposition Fallback...
2026-05-17 23:06:11 | INFO     | ml.kpi05_ca_forecast           | [KPI-05] Back-test (last 3 months) - MAE: 2,660,955 | MAPE: 260.3%
2026-05-17 23:06:11 | INFO     | ml.kpi05_ca_forecast           | [KPI-05] 81 rows saved to ML_KPI05_CA_FORECAST
2026-05-17 23:06:11 | INFO     | ml.kpi11_tresorerie_forecast   | [KPI-11] Open reglements: 1299 rows | total: 6,925,383
2026-05-17 23:06:11 | INFO     | ml.kpi11_tresorerie_forecast   | [KPI-11] Historical paid: 10671 rows
2026-05-17 23:06:11 | INFO     | ml.kpi11_tresorerie_forecast   | [KPI-11] Layer 1: 1 days | 9,468
2026-05-17 23:06:14 | INFO     | ml.kpi11_tresorerie_forecast   | [KPI-11] Loaded XGBoost model from cache (age=0.0d)
2026-05-17 23:06:14 | INFO     | ml.kpi11_tresorerie_forecast   | [KPI-11] XGBoost accuracy: 0.997
2026-05-17 23:06:14 | INFO     | ml.kpi11_tresorerie_forecast   | [KPI-11] Layer 3: 1,418,825 expected
2026-05-17 23:06:14 | INFO     | ml.kpi11_tresorerie_forecast   | [KPI-11] Saved 2 rows to ML_KPI11_TRESORERIE_FORECAST
2026-05-17 23:06:14 | INFO     | ml.kpi11_tresorerie_forecast   | [KPI-11] Forecast summary:
horizon_bucket  layer        
30j             deterministic    9.467827e+03
60j             ml               1.418825e+06
2026-05-17 23:06:49 | INFO     | ml.kpi17_reappro_alert         | [KPI-17] Stock snapshot : 1739 articles actifs
2026-05-17 23:06:51 | INFO     | ml.kpi17_reappro_alert         | [KPI-17] Ventes mensuelles : 4729 lignes article×mois
2026-05-17 23:06:52 | INFO     | ml.kpi17_reappro_alert         | [KPI-17] 1739 articles sauvegardes - CRITIQUE: 1443 | URGENT: 1 | ATTENTION: 0
2026-05-17 23:06:52 | INFO     | ml.kpi18_rupture_forecast      | [KPI-18] Stock snapshot: 1739 articles
2026-05-17 23:06:59 | INFO     | ml.kpi18_rupture_forecast      | [KPI-18] Sales history: 8739 article-month rows
2026-05-17 23:07:03 | INFO     | ml.kpi18_rupture_forecast      | [KPI-18] Entrainement termine - R2 moyen=0.189 +/- 0.258 (868 articles)
2026-05-17 23:07:03 | INFO     | ml.kpi18_rupture_forecast      | [KPI-18] Modèles sauvegardés dans C:\Users\marie\Desktop\myProject\FINMAG\dashboard\backend\ml\models\kpi18_consumption.joblib
2026-05-17 23:07:04 | INFO     | ml.kpi18_rupture_forecast      | [KPI-18] Saved 1739 articles - CRITIQUE: 1399 | URGENT: 28
2026-05-17 23:07:06 | INFO     | ml.kpi22_rfm_kmeans            | [KPI-22] Loaded 1103 clients with RFM data
2026-05-17 23:07:20 | INFO     | ml.kpi22_rfm_kmeans            | [KPI-22] Optimal k=4 (silhouette=0.423)
2026-05-17 23:07:20 | INFO     | ml.kpi22_rfm_kmeans            | [KPI-22] Loaded model from cache (age=0.0d, k=4)
2026-05-17 23:07:21 | INFO     | ml.kpi22_rfm_kmeans            | [KPI-22] K-Means: k=4 | silhouette=0.423 | inertia=703
2026-05-17 23:07:21 | INFO     | ml.kpi22_rfm_kmeans            | [KPI-22] Répartition par segment :
rfm_segment
Champion     367
À risque     296
Fidèle       224
Potentiel    216
2026-05-17 23:07:23 | INFO     | ml.kpi22_rfm_kmeans            | [KPI-22] Saved 1103 rows to ML_KPI22_RFM_SEGMENTS
2026-05-17 23:07:23 | INFO     | ml.kpi22_rfm_kmeans            | [KPI-22] DIM_CLIENT.rfm_score updated for 1103 clients
2026-05-17 23:11:15 | INFO     | ml.kpi05_ca_forecast           | [KPI-05] Loaded 69 monthly observations (2020-07-01 -> 2026-03-01)
2026-05-17 23:11:15 | WARNING  | ml.kpi05_ca_forecast           | [KPI-05] Prophet not installed. Using pure mathematical fallback.
2026-05-17 23:11:15 | INFO     | ml.kpi05_ca_forecast           | [KPI-05] Running Academic Multiplicative Seasonal Decomposition Fallback...
2026-05-17 23:11:15 | INFO     | ml.kpi05_ca_forecast           | [KPI-05] Back-test (last 3 months) - MAE: 2,660,955 | MAPE: 260.3%
2026-05-17 23:11:16 | INFO     | ml.kpi05_ca_forecast           | [KPI-05] 81 rows saved to ML_KPI05_CA_FORECAST
2026-05-17 23:11:16 | INFO     | ml.kpi11_tresorerie_forecast   | [KPI-11] Open reglements: 1299 rows | total: 6,925,383
2026-05-17 23:11:17 | INFO     | ml.kpi11_tresorerie_forecast   | [KPI-11] Historical paid: 10671 rows
2026-05-17 23:11:17 | INFO     | ml.kpi11_tresorerie_forecast   | [KPI-11] Layer 1: 1 days | 9,468
2026-05-17 23:11:17 | INFO     | ml.kpi11_tresorerie_forecast   | [KPI-11] Loaded XGBoost model from cache (age=0.0d)
2026-05-17 23:11:17 | INFO     | ml.kpi11_tresorerie_forecast   | [KPI-11] XGBoost accuracy: 0.997
2026-05-17 23:11:17 | INFO     | ml.kpi11_tresorerie_forecast   | [KPI-11] Layer 3: 1,418,825 expected
2026-05-17 23:11:18 | INFO     | ml.kpi11_tresorerie_forecast   | [KPI-11] Saved 2 rows to ML_KPI11_TRESORERIE_FORECAST
2026-05-17 23:11:18 | INFO     | ml.kpi11_tresorerie_forecast   | [KPI-11] Forecast summary:
horizon_bucket  layer        
30j             deterministic    9.467827e+03
60j             ml               1.418825e+06
2026-05-17 23:11:19 | INFO     | ml.kpi17_reappro_alert         | [KPI-17] Stock snapshot : 1739 articles actifs
2026-05-17 23:11:20 | INFO     | ml.kpi17_reappro_alert         | [KPI-17] Ventes mensuelles : 4729 lignes article×mois
2026-05-17 23:11:21 | INFO     | ml.kpi17_reappro_alert         | [KPI-17] 1739 articles sauvegardes - CRITIQUE: 1443 | URGENT: 1 | ATTENTION: 0
2026-05-17 23:11:22 | INFO     | ml.kpi18_rupture_forecast      | [KPI-18] Stock snapshot: 1739 articles
2026-05-17 23:11:25 | INFO     | ml.kpi18_rupture_forecast      | [KPI-18] Sales history: 8739 article-month rows
2026-05-17 23:11:31 | INFO     | ml.kpi18_rupture_forecast      | [KPI-18] Entrainement termine - R2 moyen=0.189 +/- 0.258 (868 articles)
2026-05-17 23:11:31 | INFO     | ml.kpi18_rupture_forecast      | [KPI-18] Modèles sauvegardés dans C:\Users\marie\Desktop\myProject\FINMAG\dashboard\backend\ml\models\kpi18_consumption.joblib
2026-05-17 23:11:31 | INFO     | ml.kpi18_rupture_forecast      | [KPI-18] Saved 1739 articles - CRITIQUE: 1399 | URGENT: 28
2026-05-17 23:11:39 | INFO     | ml.kpi22_rfm_kmeans            | [KPI-22] Loaded 1103 clients with RFM data
2026-05-17 23:11:40 | INFO     | ml.kpi22_rfm_kmeans            | [KPI-22] Optimal k=4 (silhouette=0.423)
2026-05-17 23:11:40 | INFO     | ml.kpi22_rfm_kmeans            | [KPI-22] Loaded model from cache (age=0.0d, k=4)
2026-05-17 23:11:40 | INFO     | ml.kpi22_rfm_kmeans            | [KPI-22] K-Means: k=4 | silhouette=0.423 | inertia=703
2026-05-17 23:11:40 | INFO     | ml.kpi22_rfm_kmeans            | [KPI-22] Répartition par segment :
rfm_segment
Champion     367
À risque     296
Fidèle       224
Potentiel    216
2026-05-17 23:11:41 | INFO     | ml.kpi22_rfm_kmeans            | [KPI-22] Saved 1103 rows to ML_KPI22_RFM_SEGMENTS
2026-05-17 23:11:41 | INFO     | ml.kpi22_rfm_kmeans            | [KPI-22] DIM_CLIENT.rfm_score updated for 1103 clients
2026-05-17 23:14:33 | INFO     | ml.kpi05_ca_forecast           | [KPI-05] Loaded 69 monthly observations (2020-07-01 -> 2026-03-01)
2026-05-17 23:14:33 | WARNING  | ml.kpi05_ca_forecast           | [KPI-05] Prophet not installed. Using pure mathematical fallback.
2026-05-17 23:14:33 | INFO     | ml.kpi05_ca_forecast           | [KPI-05] Running Academic Multiplicative Seasonal Decomposition Fallback...
2026-05-17 23:14:34 | INFO     | ml.kpi05_ca_forecast           | [KPI-05] Back-test (last 3 months) - MAE: 2,660,955 | MAPE: 260.3%
2026-05-17 23:14:34 | INFO     | ml.kpi05_ca_forecast           | [KPI-05] 81 rows saved to ML_KPI05_CA_FORECAST
2026-05-17 23:14:55 | INFO     | ml.kpi11_tresorerie_forecast   | [KPI-11] Open reglements: 1299 rows | total: 6,925,383
2026-05-17 23:14:56 | INFO     | ml.kpi11_tresorerie_forecast   | [KPI-11] Historical paid: 10671 rows
2026-05-17 23:14:56 | INFO     | ml.kpi11_tresorerie_forecast   | [KPI-11] Layer 1: 1 days | 9,468
2026-05-17 23:14:56 | INFO     | ml.kpi11_tresorerie_forecast   | [KPI-11] Loaded XGBoost model from cache (age=0.0d)
2026-05-17 23:14:56 | INFO     | ml.kpi11_tresorerie_forecast   | [KPI-11] XGBoost accuracy: 0.997
2026-05-17 23:14:56 | INFO     | ml.kpi11_tresorerie_forecast   | [KPI-11] Layer 3: 1,418,825 expected
2026-05-17 23:14:56 | INFO     | ml.kpi11_tresorerie_forecast   | [KPI-11] Saved 2 rows to ML_KPI11_TRESORERIE_FORECAST
2026-05-17 23:14:56 | INFO     | ml.kpi11_tresorerie_forecast   | [KPI-11] Forecast summary:
horizon_bucket  layer        
30j             deterministic    9.467827e+03
60j             ml               1.418825e+06
2026-05-17 23:14:57 | INFO     | ml.kpi17_reappro_alert         | [KPI-17] Stock snapshot : 1739 articles actifs
2026-05-17 23:14:59 | INFO     | ml.kpi17_reappro_alert         | [KPI-17] Ventes mensuelles : 4729 lignes article×mois
2026-05-17 23:14:59 | INFO     | ml.kpi17_reappro_alert         | [KPI-17] 1739 articles sauvegardes - CRITIQUE: 1443 | URGENT: 1 | ATTENTION: 0
2026-05-17 23:15:00 | INFO     | ml.kpi18_rupture_forecast      | [KPI-18] Stock snapshot: 1739 articles
2026-05-17 23:15:05 | INFO     | ml.kpi18_rupture_forecast      | [KPI-18] Sales history: 8739 article-month rows
2026-05-17 23:15:10 | INFO     | ml.kpi18_rupture_forecast      | [KPI-18] Entrainement termine - R2 moyen=0.189 +/- 0.258 (868 articles)
2026-05-17 23:15:10 | INFO     | ml.kpi18_rupture_forecast      | [KPI-18] Modèles sauvegardés dans C:\Users\marie\Desktop\myProject\FINMAG\dashboard\backend\ml\models\kpi18_consumption.joblib
2026-05-17 23:15:10 | INFO     | ml.kpi18_rupture_forecast      | [KPI-18] Saved 1739 articles - CRITIQUE: 1399 | URGENT: 28
2026-05-17 23:15:13 | INFO     | ml.kpi22_rfm_kmeans            | [KPI-22] Loaded 1103 clients with RFM data
2026-05-17 23:15:14 | INFO     | ml.kpi22_rfm_kmeans            | [KPI-22] Optimal k=4 (silhouette=0.423)
2026-05-17 23:15:14 | INFO     | ml.kpi22_rfm_kmeans            | [KPI-22] Loaded model from cache (age=0.0d, k=4)
2026-05-17 23:15:14 | INFO     | ml.kpi22_rfm_kmeans            | [KPI-22] K-Means: k=4 | silhouette=0.423 | inertia=703
2026-05-17 23:15:14 | INFO     | ml.kpi22_rfm_kmeans            | [KPI-22] Répartition par segment :
rfm_segment
Champion     367
À risque     296
Fidèle       224
Potentiel    216
2026-05-17 23:15:14 | INFO     | ml.kpi22_rfm_kmeans            | [KPI-22] Saved 1103 rows to ML_KPI22_RFM_SEGMENTS
2026-05-17 23:15:14 | INFO     | ml.kpi22_rfm_kmeans            | [KPI-22] DIM_CLIENT.rfm_score updated for 1103 clients
2026-05-17 23:16:26 | INFO     | ml.kpi05_ca_forecast           | [KPI-05] Loaded 69 monthly observations (2020-07-01 -> 2026-03-01)
2026-05-17 23:16:26 | WARNING  | ml.kpi05_ca_forecast           | [KPI-05] Prophet not installed. Using pure mathematical fallback.
2026-05-17 23:16:26 | INFO     | ml.kpi05_ca_forecast           | [KPI-05] Running Academic Multiplicative Seasonal Decomposition Fallback...
2026-05-17 23:16:26 | INFO     | ml.kpi05_ca_forecast           | [KPI-05] Back-test (last 3 months) - MAE: 2,660,955 | MAPE: 260.3%
2026-05-17 23:16:26 | INFO     | ml.kpi05_ca_forecast           | [KPI-05] 81 rows saved to ML_KPI05_CA_FORECAST
2026-05-17 23:16:27 | INFO     | ml.kpi11_tresorerie_forecast   | [KPI-11] Open reglements: 1299 rows | total: 6,925,383
2026-05-17 23:16:29 | INFO     | ml.kpi11_tresorerie_forecast   | [KPI-11] Historical paid: 10671 rows
2026-05-17 23:16:29 | INFO     | ml.kpi11_tresorerie_forecast   | [KPI-11] Layer 1: 1 days | 9,468
2026-05-17 23:16:30 | INFO     | ml.kpi11_tresorerie_forecast   | [KPI-11] Loaded XGBoost model from cache (age=0.0d)
2026-05-17 23:16:30 | INFO     | ml.kpi11_tresorerie_forecast   | [KPI-11] XGBoost accuracy: 0.997
2026-05-17 23:16:30 | INFO     | ml.kpi11_tresorerie_forecast   | [KPI-11] Layer 3: 1,418,825 expected
2026-05-17 23:16:31 | INFO     | ml.kpi11_tresorerie_forecast   | [KPI-11] Saved 2 rows to ML_KPI11_TRESORERIE_FORECAST
2026-05-17 23:16:31 | INFO     | ml.kpi11_tresorerie_forecast   | [KPI-11] Forecast summary:
horizon_bucket  layer        
30j             deterministic    9.467827e+03
60j             ml               1.418825e+06
2026-05-17 23:16:31 | INFO     | ml.kpi17_reappro_alert         | [KPI-17] Stock snapshot : 1739 articles actifs
2026-05-17 23:16:32 | INFO     | ml.kpi17_reappro_alert         | [KPI-17] Ventes mensuelles : 4729 lignes article×mois
2026-05-17 23:16:32 | INFO     | ml.kpi17_reappro_alert         | [KPI-17] 1739 articles sauvegardes - CRITIQUE: 1443 | URGENT: 1 | ATTENTION: 0
2026-05-17 23:16:33 | INFO     | ml.kpi18_rupture_forecast      | [KPI-18] Stock snapshot: 1739 articles
2026-05-17 23:16:37 | INFO     | ml.kpi18_rupture_forecast      | [KPI-18] Sales history: 8739 article-month rows
2026-05-17 23:16:39 | INFO     | ml.kpi18_rupture_forecast      | [KPI-18] Entrainement termine - R2 moyen=0.189 +/- 0.258 (868 articles)
2026-05-17 23:16:39 | INFO     | ml.kpi18_rupture_forecast      | [KPI-18] Modèles sauvegardés dans C:\Users\marie\Desktop\myProject\FINMAG\dashboard\backend\ml\models\kpi18_consumption.joblib
2026-05-17 23:16:39 | INFO     | ml.kpi18_rupture_forecast      | [KPI-18] Saved 1739 articles - CRITIQUE: 1399 | URGENT: 28
2026-05-17 23:16:41 | INFO     | ml.kpi22_rfm_kmeans            | [KPI-22] Loaded 1103 clients with RFM data
2026-05-17 23:16:41 | INFO     | ml.kpi22_rfm_kmeans            | [KPI-22] Optimal k=4 (silhouette=0.423)
2026-05-17 23:16:41 | INFO     | ml.kpi22_rfm_kmeans            | [KPI-22] Loaded model from cache (age=0.0d, k=4)
2026-05-17 23:16:41 | INFO     | ml.kpi22_rfm_kmeans            | [KPI-22] K-Means: k=4 | silhouette=0.423 | inertia=703
2026-05-17 23:16:41 | INFO     | ml.kpi22_rfm_kmeans            | [KPI-22] Répartition par segment :
rfm_segment
Champion     367
À risque     296
Fidèle       224
Potentiel    216
2026-05-17 23:16:41 | INFO     | ml.kpi22_rfm_kmeans            | [KPI-22] Saved 1103 rows to ML_KPI22_RFM_SEGMENTS
2026-05-17 23:16:41 | INFO     | ml.kpi22_rfm_kmeans            | [KPI-22] DIM_CLIENT.rfm_score updated for 1103 clients
2026-05-17 23:21:14 | INFO     | ml.ca_forecast                 | [KPI-05] Loaded 69 monthly observations (2020-07-01 -> 2026-03-01)
2026-05-17 23:21:15 | WARNING  | ml.ca_forecast                 | [KPI-05] Prophet not installed. Using pure mathematical fallback.
2026-05-17 23:21:15 | INFO     | ml.ca_forecast                 | [KPI-05] Running Academic Multiplicative Seasonal Decomposition Fallback...
2026-05-17 23:21:15 | INFO     | ml.ca_forecast                 | [KPI-05] Back-test (last 3 months) - MAE: 2,660,955 | MAPE: 260.3%
2026-05-17 23:21:15 | INFO     | ml.ca_forecast                 | [KPI-05] 81 rows saved to ML_KPI05_CA_FORECAST
2026-05-17 23:21:15 | INFO     | ml.tresorerie_forecast         | [KPI-11] Open reglements: 1299 rows | total: 6,925,383
2026-05-17 23:21:16 | INFO     | ml.tresorerie_forecast         | [KPI-11] Historical paid: 10671 rows
2026-05-17 23:21:16 | INFO     | ml.tresorerie_forecast         | [KPI-11] Layer 1: 1 days | 9,468
2026-05-17 23:21:22 | INFO     | ml.tresorerie_forecast         | [KPI-11] Model saved to C:\Users\marie\Desktop\myProject\FINMAG\dashboard\backend\ml\models\tresorerie_xgb.joblib
2026-05-17 23:21:22 | INFO     | ml.tresorerie_forecast         | [KPI-11] XGBoost accuracy: 0.997
2026-05-17 23:21:22 | INFO     | ml.tresorerie_forecast         | [KPI-11] Layer 3: 1,418,972 expected
2026-05-17 23:21:22 | INFO     | ml.tresorerie_forecast         | [KPI-11] Saved 2 rows to ML_KPI11_TRESORERIE_FORECAST
2026-05-17 23:21:22 | INFO     | ml.tresorerie_forecast         | [KPI-11] Forecast summary:
horizon_bucket  layer        
30j             deterministic    9.467827e+03
60j             ml               1.418972e+06
2026-05-17 23:21:23 | INFO     | ml.reappro_alert               | [KPI-17] Stock snapshot : 1739 articles actifs
2026-05-17 23:21:24 | INFO     | ml.reappro_alert               | [KPI-17] Ventes mensuelles : 4729 lignes article×mois
2026-05-17 23:21:24 | INFO     | ml.reappro_alert               | [KPI-17] 1739 articles sauvegardes - CRITIQUE: 1443 | URGENT: 1 | ATTENTION: 0
2026-05-17 23:21:25 | INFO     | ml.rupture_forecast            | [KPI-18] Stock snapshot: 1739 articles
2026-05-17 23:21:26 | INFO     | ml.rupture_forecast            | [KPI-18] Sales history: 8739 article-month rows
2026-05-17 23:21:28 | INFO     | ml.rupture_forecast            | [KPI-18] Entrainement termine - R2 moyen=0.189 +/- 0.258 (868 articles)
2026-05-17 23:21:28 | INFO     | ml.rupture_forecast            | [KPI-18] Modèles sauvegardés dans C:\Users\marie\Desktop\myProject\FINMAG\dashboard\backend\ml\models\consumption.joblib
2026-05-17 23:21:28 | INFO     | ml.rupture_forecast            | [KPI-18] Saved 1739 articles - CRITIQUE: 1399 | URGENT: 28
2026-05-17 23:21:30 | INFO     | ml.rfm_kmeans                  | [KPI-22] Loaded 1103 clients with RFM data
2026-05-17 23:21:35 | INFO     | ml.rfm_kmeans                  | [KPI-22] Optimal k=4 (silhouette=0.423)
2026-05-17 23:21:35 | INFO     | ml.rfm_kmeans                  | [KPI-22] Model saved to C:\Users\marie\Desktop\myProject\FINMAG\dashboard\backend\ml\models\kmeans.joblib
2026-05-17 23:21:35 | INFO     | ml.rfm_kmeans                  | [KPI-22] K-Means: k=4 | silhouette=0.423 | inertia=703
2026-05-17 23:21:35 | INFO     | ml.rfm_kmeans                  | [KPI-22] Répartition par segment :
rfm_segment
Champion     367
À risque     296
Fidèle       224
Potentiel    216
2026-05-17 23:21:35 | INFO     | ml.rfm_kmeans                  | [KPI-22] Saved 1103 rows to ML_KPI22_RFM_SEGMENTS
2026-05-17 23:21:35 | INFO     | ml.rfm_kmeans                  | [KPI-22] DIM_CLIENT.rfm_score updated for 1103 clients
2026-05-17 23:28:36 | INFO     | ml.ca_forecast                 | [KPI-05] Loaded 69 monthly observations (2020-07-01 -> 2026-03-01)
2026-05-17 23:28:36 | ERROR    | ml.ca_forecast                 | [KPI-05] Prophet not installed. Skipping forecast.
2026-05-17 23:28:36 | INFO     | ml.tresorerie_forecast         | [KPI-11] Open reglements: 1299 rows | total: 6,925,383
2026-05-17 23:28:37 | INFO     | ml.tresorerie_forecast         | [KPI-11] Historical paid: 10671 rows
2026-05-17 23:28:37 | INFO     | ml.tresorerie_forecast         | [KPI-11] Layer 1: 1 days | 9,468
2026-05-17 23:28:37 | INFO     | ml.tresorerie_forecast         | [KPI-11] Loaded XGBoost model from cache (age=0.0d)
2026-05-17 23:28:37 | INFO     | ml.tresorerie_forecast         | [KPI-11] XGBoost accuracy: 0.997
2026-05-17 23:28:37 | INFO     | ml.tresorerie_forecast         | [KPI-11] Layer 3: 1,418,972 expected
2026-05-17 23:28:37 | INFO     | ml.tresorerie_forecast         | [KPI-11] Saved 2 rows to ML_KPI11_TRESORERIE_FORECAST
2026-05-17 23:28:37 | INFO     | ml.rupture_forecast            | [KPI-18] Stock snapshot: 1739 articles
2026-05-17 23:28:39 | INFO     | ml.rupture_forecast            | [KPI-18] Sales history: 8739 article-month rows
2026-05-17 23:28:41 | INFO     | ml.rupture_forecast            | [KPI-18] Entrainement termine - R2 moyen=0.189 +/- 0.258 (868 articles)
2026-05-17 23:28:41 | INFO     | ml.rupture_forecast            | [KPI-18] Modèles sauvegardés dans C:\Users\marie\Desktop\myProject\FINMAG\dashboard\backend\ml\models\consumption.joblib
2026-05-17 23:28:41 | INFO     | ml.rupture_forecast            | [KPI-18] Saved 1739 articles - CRITIQUE: 1399 | URGENT: 28
2026-05-17 23:28:44 | INFO     | ml.rfm_kmeans                  | [KPI-22] Loaded 1103 clients with RFM data
2026-05-17 23:28:48 | INFO     | ml.rfm_kmeans                  | [KPI-22] Model saved to C:\Users\marie\Desktop\myProject\FINMAG\dashboard\backend\ml\models\kmeans.joblib
2026-05-17 23:28:48 | INFO     | ml.rfm_kmeans                  | [KPI-22] K-Means: k=5 | silhouette=0.397 | inertia=571
2026-05-17 23:28:48 | INFO     | ml.rfm_kmeans                  | [KPI-22] Répartition par segment :
rfm_segment
Dormant      276
Champion     246
Fidèle       220
Potentiel    195
À risque     166
2026-05-17 23:28:48 | INFO     | ml.rfm_kmeans                  | [KPI-22] Saved 1103 rows to ML_KPI22_RFM_SEGMENTS
2026-05-17 23:28:48 | INFO     | ml.rfm_kmeans                  | [KPI-22] DIM_CLIENT.rfm_score updated for 1103 clients
2026-05-17 23:57:18 | INFO     | ml.ca_forecast                 | [KPI-05] Loaded 69 monthly observations (2020-07-01 -> 2026-03-01)
2026-05-17 23:57:18 | ERROR    | ml.ca_forecast                 | [KPI-05] Prophet not installed. Skipping forecast.
2026-05-17 23:57:19 | INFO     | ml.tresorerie_forecast         | [KPI-11] Open reglements: 1299 rows | total: 6,925,383
2026-05-17 23:57:19 | INFO     | ml.tresorerie_forecast         | [KPI-11] Historical paid: 10671 rows
2026-05-17 23:57:19 | INFO     | ml.tresorerie_forecast         | [KPI-11] Layer 1: 1 days | 9,468
2026-05-17 23:57:19 | INFO     | ml.tresorerie_forecast         | [KPI-11] Loaded XGBoost model from cache (age=0.0d)
2026-05-17 23:57:19 | INFO     | ml.tresorerie_forecast         | [KPI-11] XGBoost accuracy: 0.997
2026-05-17 23:57:19 | INFO     | ml.tresorerie_forecast         | [KPI-11] Layer 3: 1,419,148 expected
2026-05-17 23:57:19 | INFO     | ml.tresorerie_forecast         | [KPI-11] Saved 2 rows to ML_KPI11_TRESORERIE_FORECAST
2026-05-17 23:57:20 | INFO     | ml.reappro_alert               | [KPI-17] Stock snapshot : 1739 articles actifs
2026-05-17 23:57:21 | INFO     | ml.reappro_alert               | [KPI-17] Ventes mensuelles : 4908 lignes article-mois
2026-05-17 23:57:22 | INFO     | ml.rupture_forecast            | [KPI-18] Stock snapshot: 1739 articles
2026-05-17 23:57:24 | INFO     | ml.rupture_forecast            | [KPI-18] Sales history: 8739 article-month rows
2026-05-17 23:57:27 | INFO     | ml.rupture_forecast            | [KPI-18] Entrainement termine - R2 moyen=0.189 +/- 0.258 (868 articles)
2026-05-17 23:57:27 | INFO     | ml.rupture_forecast            | [KPI-18] Modèles sauvegardés dans C:\Users\marie\Desktop\myProject\FINMAG\dashboard\backend\ml\models\consumption.joblib
2026-05-17 23:57:27 | INFO     | ml.rupture_forecast            | [KPI-18] Saved 1739 articles - CRITIQUE: 1399 | URGENT: 28
2026-05-17 23:57:29 | INFO     | ml.rfm_kmeans                  | [KPI-22] Loaded 1103 clients with RFM data
2026-05-17 23:57:29 | INFO     | ml.rfm_kmeans                  | [KPI-22] Loaded model from cache (age=0.0d, k=5)
2026-05-17 23:57:29 | INFO     | ml.rfm_kmeans                  | [KPI-22] K-Means: k=5 | silhouette=0.397 | inertia=571
2026-05-17 23:57:29 | INFO     | ml.rfm_kmeans                  | [KPI-22] Répartition par segment :
rfm_segment
Dormant      276
Champion     246
Fidèle       220
Potentiel    195
À risque     166
2026-05-17 23:57:29 | INFO     | ml.rfm_kmeans                  | [KPI-22] Saved 1103 rows to ML_KPI22_RFM_SEGMENTS
2026-05-17 23:57:29 | INFO     | ml.rfm_kmeans                  | [KPI-22] DIM_CLIENT.rfm_score updated for 1103 clients
2026-05-18 01:29:16 | INFO     | ml.ca_forecast                 | [KPI-05] Loaded 69 monthly observations (2020-07-01 -> 2026-03-01)
2026-05-18 01:29:16 | WARNING  | ml.ca_forecast                 | [KPI-05] Prophet not installed. Using pure mathematical fallback.
2026-05-18 01:29:16 | INFO     | ml.ca_forecast                 | [KPI-05] Running Academic Multiplicative Seasonal Decomposition Fallback...
2026-05-18 01:29:16 | INFO     | ml.ca_forecast                 | [KPI-05] Back-test (last 3 months) - MAE: 2,660,955 | MAPE: 260.3%
2026-05-18 01:29:16 | INFO     | ml.ca_forecast                 | [KPI-05] 81 rows saved to ML_KPI05_CA_FORECAST
2026-05-18 01:29:16 | INFO     | ml.tresorerie_forecast         | [KPI-11] Open reglements: 1299 rows | total: 6,925,383
2026-05-18 01:29:17 | INFO     | ml.tresorerie_forecast         | [KPI-11] Historical paid: 10663 rows
2026-05-18 01:29:17 | INFO     | ml.tresorerie_forecast         | [KPI-11] Layer 1: 1 days | 9,468
2026-05-18 01:29:17 | INFO     | ml.tresorerie_forecast         | [KPI-11] Loaded XGBoost model from cache (age=0.1d)
2026-05-18 01:29:17 | INFO     | ml.tresorerie_forecast         | [KPI-11] Layer 3: 1,418,995 expected
2026-05-18 01:29:17 | INFO     | ml.tresorerie_forecast         | [KPI-11] Saved 2 rows to ML_KPI11_TRESORERIE_FORECAST
2026-05-18 01:29:17 | INFO     | ml.reappro_alert               | [KPI-17] Stock snapshot : 1739 articles actifs
2026-05-18 01:29:19 | INFO     | ml.reappro_alert               | [KPI-17] Ventes mensuelles : 4908 lignes article-mois
2026-05-18 01:29:19 | INFO     | ml.rupture_forecast            | [KPI-18] Stock snapshot: 1739 articles
2026-05-18 01:29:21 | INFO     | ml.rupture_forecast            | [KPI-18] Sales history: 8739 article-month rows
2026-05-18 01:29:22 | INFO     | ml.rupture_forecast            | [KPI-18] OLS Regression finished - Mean R2=0.186 (868 articles)
2026-05-18 01:29:22 | INFO     | ml.rupture_forecast            | [KPI-18] Saved 1739 articles - CRITIQUE: 1399 | URGENT: 28
2026-05-18 01:29:24 | INFO     | ml.rfm_kmeans                  | [KPI-22] Loaded 1103 clients with RFM data
2026-05-18 01:29:33 | INFO     | ml.rfm_kmeans                  | [KPI-22] Saved 1103 rows to ML_KPI22_RFM_SEGMENTS
2026-05-18 01:29:33 | INFO     | ml.rfm_kmeans                  | [KPI-22] DIM_CLIENT.rfm_score updated for 1103 clients
2026-05-18 01:32:03 | INFO     | ml.tresorerie_forecast         | [KPI-11] Open reglements: 1299 rows | total: 6,925,383
2026-05-18 01:32:03 | INFO     | ml.tresorerie_forecast         | [KPI-11] Historical paid: 10663 rows
2026-05-18 01:32:03 | INFO     | ml.tresorerie_forecast         | [KPI-11] Layer 1: 1 days | 9,468
2026-05-18 01:32:03 | INFO     | ml.tresorerie_forecast         | [KPI-11] Loaded XGBoost model from cache (age=0.1d)
2026-05-18 01:32:03 | INFO     | ml.tresorerie_forecast         | [KPI-11] Layer 3: 1,418,995 expected
2026-05-18 01:32:04 | INFO     | ml.tresorerie_forecast         | [KPI-11] Saved 2 rows to ML_KPI11_TRESORERIE_FORECAST
2026-05-18 01:32:04 | INFO     | ml.reappro_alert               | [KPI-17] Stock snapshot : 1739 articles actifs
2026-05-18 01:32:05 | INFO     | ml.reappro_alert               | [KPI-17] Ventes mensuelles : 4908 lignes article-mois
2026-05-18 01:32:06 | INFO     | ml.rupture_forecast            | [KPI-18] Stock snapshot: 1739 articles
2026-05-18 01:32:08 | INFO     | ml.rupture_forecast            | [KPI-18] Sales history: 8739 article-month rows
2026-05-18 01:32:09 | INFO     | ml.rupture_forecast            | [KPI-18] OLS Regression finished - Mean R2=0.186 (868 articles)
2026-05-18 01:32:09 | INFO     | ml.rupture_forecast            | [KPI-18] Saved 1739 articles - CRITIQUE: 1399 | URGENT: 28
2026-05-18 01:32:11 | INFO     | ml.rfm_kmeans                  | [KPI-22] Loaded 1103 clients with RFM data
2026-05-18 01:32:18 | INFO     | ml.rfm_kmeans                  | [KPI-22] Saved 1103 rows to ML_KPI22_RFM_SEGMENTS
2026-05-18 01:32:18 | INFO     | ml.rfm_kmeans                  | [KPI-22] DIM_CLIENT.rfm_score updated for 1103 clients
